<?xml version="1.0" encoding="UTF-8"?>
<!-- Generated by org.testng.reporters.JUnitReportReporter -->
<testsuite hostname="narender" failures="0" tests="4" name="NewTest" time="0.007" errors="0" timestamp="2022-12-05T21:45:09 IST" skipped="0">
  <testcase classname="NewTest" name="f" time="0.001"/>
  <system-out/>
  <testcase classname="NewTest" name="f" time="0.001"/>
  <system-out/>
  <testcase classname="NewTest" name="f1" time="0.002"/>
  <system-out/>
  <testcase classname="NewTest" name="f" time="0.003"/>
  <system-out/>
</testsuite> <!-- NewTest -->
