<?xml version="1.0" encoding="UTF-8"?>
<!-- Generated by org.testng.reporters.JUnitReportReporter -->
<testsuite hostname="narender" failures="0" tests="2" name="ValidationTesting" time="3.523" errors="0" timestamp="2022-12-06T01:13:51 IST" skipped="0">
  <testcase classname="ValidationTesting" name="myInfo" time="1.881"/>
  <system-out/>
  <testcase classname="ValidationTesting" name="logout" time="1.642"/>
  <system-out/>
</testsuite> <!-- ValidationTesting -->
